Compiling build :app to "target/cljsbuild/public/js/app.js" from ["src/cljs" "src/cljc" "env/dev/cljs"]...
[32mSuccessfully compiled build :app to "target/cljsbuild/public/js/app.js" in 0.744 seconds.[0m
notifying browser that file changed:  target/cljsbuild/public/js/out/goog/deps.js
notifying browser that file changed:  target/cljsbuild/public/js/out/cljs_deps.js
notifying browser that file changed:  target/cljsbuild/public/js/out/reagent_tutorial/core.js
Compiling build :app to "target/cljsbuild/public/js/app.js" from ["src/cljs" "src/cljc" "env/dev/cljs"]...
[32mSuccessfully compiled build :app to "target/cljsbuild/public/js/app.js" in 0.86 seconds.[0m
notifying browser that file changed:  target/cljsbuild/public/js/out/reagent_tutorial/core.js
Compiling build :app to "target/cljsbuild/public/js/app.js" from ["src/cljs" "src/cljc" "env/dev/cljs"]...
[32mSuccessfully compiled build :app to "target/cljsbuild/public/js/app.js" in 0.605 seconds.[0m
notifying browser that file changed:  target/cljsbuild/public/js/out/reagent_tutorial/core.js
Compiling build :app to "target/cljsbuild/public/js/app.js" from ["src/cljs" "src/cljc" "env/dev/cljs"]...
[32mSuccessfully compiled build :app to "target/cljsbuild/public/js/app.js" in 0.698 seconds.[0m
notifying browser that file changed:  target/cljsbuild/public/js/out/reagent_tutorial/core.js
Compiling build :app to "target/cljsbuild/public/js/app.js" from ["src/cljs" "src/cljc" "env/dev/cljs"]...
[32mSuccessfully compiled build :app to "target/cljsbuild/public/js/app.js" in 0.953 seconds.[0m
notifying browser that file changed:  target/cljsbuild/public/js/out/reagent_tutorial/core.js
Compiling build :app to "target/cljsbuild/public/js/app.js" from ["src/cljs" "src/cljc" "env/dev/cljs"]...
[32mSuccessfully compiled build :app to "target/cljsbuild/public/js/app.js" in 0.968 seconds.[0m
notifying browser that file changed:  target/cljsbuild/public/js/out/reagent_tutorial/core.js
Compiling build :app to "target/cljsbuild/public/js/app.js" from ["src/cljs" "src/cljc" "env/dev/cljs"]...
[32mSuccessfully compiled build :app to "target/cljsbuild/public/js/app.js" in 0.631 seconds.[0m
notifying browser that file changed:  target/cljsbuild/public/js/out/reagent_tutorial/core.js
Compiling build :app to "target/cljsbuild/public/js/app.js" from ["src/cljs" "src/cljc" "env/dev/cljs"]...
[32mSuccessfully compiled build :app to "target/cljsbuild/public/js/app.js" in 0.631 seconds.[0m
notifying browser that file changed:  target/cljsbuild/public/js/out/reagent_tutorial/core.js
Compiling build :app to "target/cljsbuild/public/js/app.js" from ["src/cljs" "src/cljc" "env/dev/cljs"]...
[36m----  Compiler Warning on   src/cljs/reagent_tutorial/core.cljs   line:22  column:24  ----[0m

  [1mUse of undeclared Var reagent-tutorial.core/empty-group[0m

  [36m18[0m  [36m  [:div.tree])[0m
  [36m19[0m  [36m[0m
  [36m20[0m  [36m(defn layout [][0m
  [36m21[0m  [36m  (map #(for [x %][0m
  [33m22[0m  [1m          (if (= 0 %) [empty-group] [tree])) [0m
  [0m  [0m  [33m                       ^--- Use of undeclared Var reagent-tutorial.core/empty-group[0m
  [36m23[0m  [36m  layout-data))[0m
  [36m24[0m  [36m[0m
  [36m25[0m  [36m(defn home-page [][0m
  [36m26[0m  [36m  [:div [:h2 "Welcome to reagent-tutorial"][0m
  [36m27[0m  [36m   [layout]  ])[0m

[36m----  Compiler Warning : Please see src/cljs/reagent_tutorial/core.cljs  ----[0m
[36m----  Compiler Warning on   src/cljs/reagent_tutorial/core.cljs   line:22  column:24  ----[0m

  [1mUse of undeclared Var reagent-tutorial.core/empty-group[0m

  [36m18[0m  [36m  [:div.tree])[0m
  [36m19[0m  [36m[0m
  [36m20[0m  [36m(defn layout [][0m
  [36m21[0m  [36m  (map #(for [x %][0m
  [33m22[0m  [1m          (if (= 0 %) [empty-group] [tree])) [0m
  [0m  [0m  [33m                       ^--- Use of undeclared Var reagent-tutorial.core/empty-group[0m
  [36m23[0m  [36m  layout-data))[0m
  [36m24[0m  [36m[0m
  [36m25[0m  [36m(defn home-page [][0m
  [36m26[0m  [36m  [:div [:h2 "Welcome to reagent-tutorial"][0m
  [36m27[0m  [36m   [layout]  ])[0m

[36m----  Compiler Warning : Please see src/cljs/reagent_tutorial/core.cljs  ----[0m
[32mSuccessfully compiled build :app to "target/cljsbuild/public/js/app.js" in 2.216 seconds.[0m
notifying browser that file changed:  target/cljsbuild/public/js/out/reagent_tutorial/core.js
Compiling build :app to "target/cljsbuild/public/js/app.js" from ["src/cljs" "src/cljc" "env/dev/cljs"]...
[36m----  Compiler Warning on   src/cljs/reagent_tutorial/core.cljs   line:22  column:24  ----[0m

  [1mUse of undeclared Var reagent-tutorial.core/empty-group[0m

  [36m18[0m  [36m  [:div.tree])[0m
  [36m19[0m  [36m[0m
  [36m20[0m  [36m(defn layout [][0m
  [36m21[0m  [36m  (map #(for [x %][0m
  [33m22[0m  [1m          (if (= 0 x) [empty-group] [tree])) [0m
  [0m  [0m  [33m                       ^--- Use of undeclared Var reagent-tutorial.core/empty-group[0m
  [36m23[0m  [36m  layout-data))[0m
  [36m24[0m  [36m[0m
  [36m25[0m  [36m(defn home-page [][0m
  [36m26[0m  [36m  [:div [:h2 "Welcome to reagent-tutorial"][0m
  [36m27[0m  [36m   [layout]  ])[0m

[36m----  Compiler Warning : Please see src/cljs/reagent_tutorial/core.cljs  ----[0m
[36m----  Compiler Warning on   src/cljs/reagent_tutorial/core.cljs   line:22  column:24  ----[0m

  [1mUse of undeclared Var reagent-tutorial.core/empty-group[0m

  [36m18[0m  [36m  [:div.tree])[0m
  [36m19[0m  [36m[0m
  [36m20[0m  [36m(defn layout [][0m
  [36m21[0m  [36m  (map #(for [x %][0m
  [33m22[0m  [1m          (if (= 0 x) [empty-group] [tree])) [0m
  [0m  [0m  [33m                       ^--- Use of undeclared Var reagent-tutorial.core/empty-group[0m
  [36m23[0m  [36m  layout-data))[0m
  [36m24[0m  [36m[0m
  [36m25[0m  [36m(defn home-page [][0m
  [36m26[0m  [36m  [:div [:h2 "Welcome to reagent-tutorial"][0m
  [36m27[0m  [36m   [layout]  ])[0m

[36m----  Compiler Warning : Please see src/cljs/reagent_tutorial/core.cljs  ----[0m
[32mSuccessfully compiled build :app to "target/cljsbuild/public/js/app.js" in 2.131 seconds.[0m
notifying browser that file changed:  target/cljsbuild/public/js/out/goog/deps.js
notifying browser that file changed:  target/cljsbuild/public/js/out/cljs_deps.js
notifying browser that file changed:  target/cljsbuild/public/js/out/reagent_tutorial/core.js
Compiling build :app to "target/cljsbuild/public/js/app.js" from ["src/cljs" "src/cljc" "env/dev/cljs"]...
[32mSuccessfully compiled build :app to "target/cljsbuild/public/js/app.js" in 0.779 seconds.[0m
notifying browser that file changed:  target/cljsbuild/public/js/out/reagent_tutorial/core.js
Compiling build :app to "target/cljsbuild/public/js/app.js" from ["src/cljs" "src/cljc" "env/dev/cljs"]...
[36m----  Compiler Warning on   src/cljs/reagent_tutorial/core.cljs   line:12  column:5  ----[0m

  [1mUse of undeclared Var reagent-tutorial.core/layout[0m

  [36m10[0m  [36m(defn home-page [][0m
  [36m11[0m  [36m  [:div [:h2 "Welcome to reagent-tutorial"][0m
  [33m12[0m  [1m   [layout]  ])[0m
  [0m  [0m  [33m    ^--- Use of undeclared Var reagent-tutorial.core/layout[0m
  [36m13[0m  [36m[0m
  [36m14[0m  [36m[0m
  [36m15[0m  [36m;; -------------------------[0m
  [36m16[0m  [36m;; Routes[0m

[36m----  Compiler Warning : Please see src/cljs/reagent_tutorial/core.cljs  ----[0m
[32mSuccessfully compiled build :app to "target/cljsbuild/public/js/app.js" in 1.092 seconds.[0m
notifying browser that file changed:  target/cljsbuild/public/js/out/reagent_tutorial/core.js
Compiling build :app to "target/cljsbuild/public/js/app.js" from ["src/cljs" "src/cljc" "env/dev/cljs"]...
[32mSuccessfully compiled build :app to "target/cljsbuild/public/js/app.js" in 0.613 seconds.[0m
notifying browser that file changed:  target/cljsbuild/public/js/out/reagent_tutorial/core.js
Compiling build :app to "target/cljsbuild/public/js/app.js" from ["src/cljs" "src/cljc" "env/dev/cljs"]...
[32mSuccessfully compiled build :app to "target/cljsbuild/public/js/app.js" in 0.847 seconds.[0m
notifying browser that file changed:  target/cljsbuild/public/js/out/reagent_tutorial/core.js
Compiling build :app to "target/cljsbuild/public/js/app.js" from ["src/cljs" "src/cljc" "env/dev/cljs"]...
[32mSuccessfully compiled build :app to "target/cljsbuild/public/js/app.js" in 0.721 seconds.[0m
notifying browser that file changed:  target/cljsbuild/public/js/out/reagent_tutorial/core.js
Compiling build :app to "target/cljsbuild/public/js/app.js" from ["src/cljs" "src/cljc" "env/dev/cljs"]...
[32mSuccessfully compiled build :app to "target/cljsbuild/public/js/app.js" in 0.637 seconds.[0m
notifying browser that file changed:  target/cljsbuild/public/js/out/reagent_tutorial/core.js
Compiling build :app to "target/cljsbuild/public/js/app.js" from ["src/cljs" "src/cljc" "env/dev/cljs"]...
[32mSuccessfully compiled build :app to "target/cljsbuild/public/js/app.js" in 0.819 seconds.[0m
notifying browser that file changed:  target/cljsbuild/public/js/out/reagent_tutorial/core.js
Compiling build :app to "target/cljsbuild/public/js/app.js" from ["src/cljs" "src/cljc" "env/dev/cljs"]...
[32mSuccessfully compiled build :app to "target/cljsbuild/public/js/app.js" in 0.702 seconds.[0m
notifying browser that file changed:  target/cljsbuild/public/js/out/reagent_tutorial/core.js
Compiling build :app to "target/cljsbuild/public/js/app.js" from ["src/cljs" "src/cljc" "env/dev/cljs"]...
[32mSuccessfully compiled build :app to "target/cljsbuild/public/js/app.js" in 0.645 seconds.[0m
notifying browser that file changed:  target/cljsbuild/public/js/out/reagent_tutorial/core.js
Compiling build :app to "target/cljsbuild/public/js/app.js" from ["src/cljs" "src/cljc" "env/dev/cljs"]...
[31mFailed to compile build :app from ["src/cljs" "src/cljc" "env/dev/cljs"] in 0.382 seconds.[0m
[36m----  Could not Read  src/cljs/reagent_tutorial/core.cljs   line:26 ----[0m

  [1m/Users/ascavone/Desktop/API/clojure/rogues/reagent/reagent-tutorial/src/cljs/reagent_tutorial/core.cljs [line 26, col 47] Unmatched delimiter ].[0m

  [36m24[0m  [36m(map [:div.row [0m
  [36m25[0m  [36m  #(for [x %][0m
  [33m26[0m  [1m        (if (= 0 x) [empty-ground] [tree]) ]) [0m
  [0m  [0m  [33m        /Users/ascavone/Desktop/API/clojure/rogues/reagent/reagent-tutorial/src/cljs/reagent_tutorial/core.cljs [line 26, col 47] Unmatched delimiter ].[0m
  [36m27[0m  [36mlayout-data)])[0m

[36m----  Reader Error : Please see src/cljs/reagent_tutorial/core.cljs  ----[0m
Compiling build :app to "target/cljsbuild/public/js/app.js" from ["src/cljs" "src/cljc" "env/dev/cljs"]...
[36m----  Compiler Warning on   src/cljs/reagent_tutorial/core.cljs   line:25  column:16  ----[0m

  [1mCan't take value of macro cljs.core/for[0m

  [36m22[0m  [36m(defn home-page [][0m
  [36m23[0m  [36m  [:div [:h2 "Welcome to reagent-tutorial"][0m
  [36m24[0m  [36m  (map[0m
  [33m25[0m  [1m    #([div.row for [x %][0m
  [0m  [0m  [33m               ^--- Can't take value of macro cljs.core/for[0m
  [36m26[0m  [36m          (if (= 0 x) [empty-ground] [tree])]) [0m
  [36m27[0m  [36m  layout-data)])[0m
  [36m28[0m  [36m[0m
  [36m29[0m  [36m[0m
  [36m30[0m  [36m;; -------------------------[0m

[36m----  Compiler Warning : Please see src/cljs/reagent_tutorial/core.cljs  ----[0m
[36m----  Compiler Warning on   src/cljs/reagent_tutorial/core.cljs   line:25  column:21  ----[0m

  [1mUse of undeclared Var reagent-tutorial.core/x[0m

  [36m22[0m  [36m(defn home-page [][0m
  [36m23[0m  [36m  [:div [:h2 "Welcome to reagent-tutorial"][0m
  [36m24[0m  [36m  (map[0m
  [33m25[0m  [1m    #([div.row for [x %][0m
  [0m  [0m  [33m                    ^--- Use of undeclared Var reagent-tutorial.core/x[0m
  [36m26[0m  [36m          (if (= 0 x) [empty-ground] [tree])]) [0m
  [36m27[0m  [36m  layout-data)])[0m
  [36m28[0m  [36m[0m
  [36m29[0m  [36m[0m
  [36m30[0m  [36m;; -------------------------[0m

[36m----  Compiler Warning : Please see src/cljs/reagent_tutorial/core.cljs  ----[0m
[36m----  Compiler Warning on   src/cljs/reagent_tutorial/core.cljs   line:26  column:20  ----[0m

  [1mUse of undeclared Var reagent-tutorial.core/x[0m

  [36m22[0m  [36m(defn home-page [][0m
  [36m23[0m  [36m  [:div [:h2 "Welcome to reagent-tutorial"][0m
  [36m24[0m  [36m  (map[0m
  [36m25[0m  [36m    #([div.row for [x %][0m
  [33m26[0m  [1m          (if (= 0 x) [empty-ground] [tree])]) [0m
  [0m  [0m  [33m                   ^--- Use of undeclared Var reagent-tutorial.core/x[0m
  [36m27[0m  [36m  layout-data)])[0m
  [36m28[0m  [36m[0m
  [36m29[0m  [36m[0m
  [36m30[0m  [36m;; -------------------------[0m
  [36m31[0m  [36m;; Routes[0m

[36m----  Compiler Warning : Please see src/cljs/reagent_tutorial/core.cljs  ----[0m
[32mSuccessfully compiled build :app to "target/cljsbuild/public/js/app.js" in 0.902 seconds.[0m
notifying browser that file changed:  target/cljsbuild/public/js/out/reagent_tutorial/core.js
Compiling build :app to "target/cljsbuild/public/js/app.js" from ["src/cljs" "src/cljc" "env/dev/cljs"]...
[32mSuccessfully compiled build :app to "target/cljsbuild/public/js/app.js" in 0.641 seconds.[0m
notifying browser that file changed:  target/cljsbuild/public/js/out/reagent_tutorial/core.js
Compiling build :app to "target/cljsbuild/public/js/app.js" from ["src/cljs" "src/cljc" "env/dev/cljs"]...
[32mSuccessfully compiled build :app to "target/cljsbuild/public/js/app.js" in 0.755 seconds.[0m
notifying browser that file changed:  target/cljsbuild/public/js/out/reagent_tutorial/core.js
Compiling build :app to "target/cljsbuild/public/js/app.js" from ["src/cljs" "src/cljc" "env/dev/cljs"]...
[32mSuccessfully compiled build :app to "target/cljsbuild/public/js/app.js" in 0.763 seconds.[0m
notifying browser that file changed:  target/cljsbuild/public/js/out/reagent_tutorial/core.js
Compiling build :app to "target/cljsbuild/public/js/app.js" from ["src/cljs" "src/cljc" "env/dev/cljs"]...
[32mSuccessfully compiled build :app to "target/cljsbuild/public/js/app.js" in 1.999 seconds.[0m
notifying browser that file changed:  target/cljsbuild/public/js/out/reagent_tutorial/core.js
Notifying browser that CSS file changed: resources/public/css/site.css
Notifying browser that CSS file changed: resources/public/css/site.css
Notifying browser that CSS file changed: resources/public/css/site.css
Notifying browser that CSS file changed: resources/public/css/site.css
Notifying browser that CSS file changed: resources/public/css/site.css
Compiling build :app to "target/cljsbuild/public/js/app.js" from ["src/cljs" "src/cljc" "env/dev/cljs"]...
[32mSuccessfully compiled build :app to "target/cljsbuild/public/js/app.js" in 1.779 seconds.[0m
notifying browser that file changed:  target/cljsbuild/public/js/out/reagent_tutorial/core.js
Compiling build :app to "target/cljsbuild/public/js/app.js" from ["src/cljs" "src/cljc" "env/dev/cljs"]...
[32mSuccessfully compiled build :app to "target/cljsbuild/public/js/app.js" in 1.097 seconds.[0m
notifying browser that file changed:  target/cljsbuild/public/js/out/reagent_tutorial/core.js
Compiling build :app to "target/cljsbuild/public/js/app.js" from ["src/cljs" "src/cljc" "env/dev/cljs"]...
[32mSuccessfully compiled build :app to "target/cljsbuild/public/js/app.js" in 0.918 seconds.[0m
notifying browser that file changed:  target/cljsbuild/public/js/out/reagent_tutorial/core.js
Compiling build :app to "target/cljsbuild/public/js/app.js" from ["src/cljs" "src/cljc" "env/dev/cljs"]...
[32mSuccessfully compiled build :app to "target/cljsbuild/public/js/app.js" in 0.974 seconds.[0m
notifying browser that file changed:  target/cljsbuild/public/js/out/reagent_tutorial/core.js
Compiling build :app to "target/cljsbuild/public/js/app.js" from ["src/cljs" "src/cljc" "env/dev/cljs"]...
[32mSuccessfully compiled build :app to "target/cljsbuild/public/js/app.js" in 0.805 seconds.[0m
notifying browser that file changed:  target/cljsbuild/public/js/out/cljs_deps.js
notifying browser that file changed:  target/cljsbuild/public/js/out/reagent_tutorial/core.js
Compiling build :app to "target/cljsbuild/public/js/app.js" from ["src/cljs" "src/cljc" "env/dev/cljs"]...
[32mSuccessfully compiled build :app to "target/cljsbuild/public/js/app.js" in 0.635 seconds.[0m
notifying browser that file changed:  target/cljsbuild/public/js/out/reagent_tutorial/core.js
Compiling build :app to "target/cljsbuild/public/js/app.js" from ["src/cljs" "src/cljc" "env/dev/cljs"]...
[32mSuccessfully compiled build :app to "target/cljsbuild/public/js/app.js" in 0.947 seconds.[0m
notifying browser that file changed:  target/cljsbuild/public/js/out/reagent_tutorial/core.js
Notifying browser that CSS file changed: resources/public/css/site.css
Notifying browser that CSS file changed: resources/public/css/site.css
Notifying browser that CSS file changed: resources/public/css/site.css
Notifying browser that CSS file changed: resources/public/css/site.css
Notifying browser that CSS file changed: resources/public/css/site.css
Notifying browser that CSS file changed: resources/public/css/site.css
Compiling build :app to "target/cljsbuild/public/js/app.js" from ["src/cljs" "src/cljc" "env/dev/cljs"]...
[36m----  Compiler Warning on   src/cljs/reagent_tutorial/core.cljs   line:15  column:16  ----[0m

  [1mNo such namespace: r, could not locate r.cljs, r.cljc, or JavaScript source providing "r"[0m

  [36m11[0m  [36m                  [1 1 1 1 1 0 0 0 0 0 0 0 0 0 0 0 0 ][0m
  [36m12[0m  [36m                  [0 0 0 0 0 0 1 1 1 1 1 1 0 0 0 0 0 ][0m
  [36m13[0m  [36m                  [1 1 1 1 1 0 0 0 0 0 0 0 0 0 0 0 0 ]])[0m
  [36m14[0m  [36m[0m
  [33m15[0m  [1m(def position (r/atom [2 0]))[0m
  [0m  [0m  [33m               ^--- No such namespace: r, could not locate r.cljs, r.cljc, or JavaScript source providing "r"[0m
  [36m16[0m  [36m[0m
  [36m17[0m  [36m(defn empty-ground [][0m
  [36m18[0m  [36m  [:div.empty-ground])[0m
  [36m19[0m  [36m[0m
  [36m20[0m  [36m(defn tree [][0m

[36m----  Compiler Warning : Please see src/cljs/reagent_tutorial/core.cljs  ----[0m
[36m----  Compiler Warning on   src/cljs/reagent_tutorial/core.cljs   line:15  column:16  ----[0m

  [1mUse of undeclared Var r/atom[0m

  [36m11[0m  [36m                  [1 1 1 1 1 0 0 0 0 0 0 0 0 0 0 0 0 ][0m
  [36m12[0m  [36m                  [0 0 0 0 0 0 1 1 1 1 1 1 0 0 0 0 0 ][0m
  [36m13[0m  [36m                  [1 1 1 1 1 0 0 0 0 0 0 0 0 0 0 0 0 ]])[0m
  [36m14[0m  [36m[0m
  [33m15[0m  [1m(def position (r/atom [2 0]))[0m
  [0m  [0m  [33m               ^--- Use of undeclared Var r/atom[0m
  [36m16[0m  [36m[0m
  [36m17[0m  [36m(defn empty-ground [][0m
  [36m18[0m  [36m  [:div.empty-ground])[0m
  [36m19[0m  [36m[0m
  [36m20[0m  [36m(defn tree [][0m

[36m----  Compiler Warning : Please see src/cljs/reagent_tutorial/core.cljs  ----[0m
[32mSuccessfully compiled build :app to "target/cljsbuild/public/js/app.js" in 0.821 seconds.[0m
notifying browser that file changed:  target/cljsbuild/public/js/out/reagent_tutorial/core.js
Compiling build :app to "target/cljsbuild/public/js/app.js" from ["src/cljs" "src/cljc" "env/dev/cljs"]...
[36m----  Compiler Warning on   src/cljs/reagent_tutorial/core.cljs   line:15  column:16  ----[0m

  [1mNo such namespace: r, could not locate r.cljs, r.cljc, or JavaScript source providing "r"[0m

  [36m11[0m  [36m                  [1 1 1 1 1 0 0 0 0 0 0 0 0 0 0 0 0 ][0m
  [36m12[0m  [36m                  [0 0 0 0 0 0 1 1 1 1 1 1 0 0 0 0 0 ][0m
  [36m13[0m  [36m                  [1 1 1 1 1 0 0 0 0 0 0 0 0 0 0 0 0 ]])[0m
  [36m14[0m  [36m[0m
  [33m15[0m  [1m(def position (r/atom [2 0]))[0m
  [0m  [0m  [33m               ^--- No such namespace: r, could not locate r.cljs, r.cljc, or JavaScript source providing "r"[0m
  [36m16[0m  [36m[0m
  [36m17[0m  [36m(defn empty-ground [][0m
  [36m18[0m  [36m  [:div.empty-ground])[0m
  [36m19[0m  [36m[0m
  [36m20[0m  [36m(defn tree [][0m

[36m----  Compiler Warning : Please see src/cljs/reagent_tutorial/core.cljs  ----[0m
[36m----  Compiler Warning on   src/cljs/reagent_tutorial/core.cljs   line:15  column:16  ----[0m

  [1mUse of undeclared Var r/atom[0m

  [36m11[0m  [36m                  [1 1 1 1 1 0 0 0 0 0 0 0 0 0 0 0 0 ][0m
  [36m12[0m  [36m                  [0 0 0 0 0 0 1 1 1 1 1 1 0 0 0 0 0 ][0m
  [36m13[0m  [36m                  [1 1 1 1 1 0 0 0 0 0 0 0 0 0 0 0 0 ]])[0m
  [36m14[0m  [36m[0m
  [33m15[0m  [1m(def position (r/atom [2 0]))[0m
  [0m  [0m  [33m               ^--- Use of undeclared Var r/atom[0m
  [36m16[0m  [36m[0m
  [36m17[0m  [36m(defn empty-ground [][0m
  [36m18[0m  [36m  [:div.empty-ground])[0m
  [36m19[0m  [36m[0m
  [36m20[0m  [36m(defn tree [][0m

[36m----  Compiler Warning : Please see src/cljs/reagent_tutorial/core.cljs  ----[0m
[31mFailed to compile build :app from ["src/cljs" "src/cljc" "env/dev/cljs"] in 0.531 seconds.[0m
[36m----  Could not Analyze  src/cljs/reagent_tutorial/core.cljs   line:25  column:5  ----[0m

  [1mWrong number of args (3) passed to: core/for[0m

  [36m23[0m  [36m(defn row [r][0m
  [36m24[0m  [36m  [:div.row[0m
  [33m25[0m  [1m    (for [cell r][0m
  [0m  [0m  [33m    ^--- Wrong number of args (3) passed to: core/for[0m
  [36m26[0m  [36m          (if ())[0m
  [36m27[0m  [36m          (if (= 0 cell) [empty-ground] [tree]))  [0m
  [36m28[0m  [36m    ])[0m

[36m----  Analysis Error : Please see src/cljs/reagent_tutorial/core.cljs  ----[0m
Compiling build :app to "target/cljsbuild/public/js/app.js" from ["src/cljs" "src/cljc" "env/dev/cljs"]...
[36m----  Compiler Warning on   src/cljs/reagent_tutorial/core.cljs   line:15  column:16  ----[0m

  [1mNo such namespace: r, could not locate r.cljs, r.cljc, or JavaScript source providing "r"[0m

  [36m11[0m  [36m                  [1 1 1 1 1 0 0 0 0 0 0 0 0 0 0 0 0 ][0m
  [36m12[0m  [36m                  [0 0 0 0 0 0 1 1 1 1 1 1 0 0 0 0 0 ][0m
  [36m13[0m  [36m                  [1 1 1 1 1 0 0 0 0 0 0 0 0 0 0 0 0 ]])[0m
  [36m14[0m  [36m[0m
  [33m15[0m  [1m(def position (r/atom [2 0]))[0m
  [0m  [0m  [33m               ^--- No such namespace: r, could not locate r.cljs, r.cljc, or JavaScript source providing "r"[0m
  [36m16[0m  [36m[0m
  [36m17[0m  [36m(defn empty-ground [][0m
  [36m18[0m  [36m  [:div.empty-ground])[0m
  [36m19[0m  [36m[0m
  [36m20[0m  [36m(defn tree [][0m

[36m----  Compiler Warning : Please see src/cljs/reagent_tutorial/core.cljs  ----[0m
[36m----  Compiler Warning on   src/cljs/reagent_tutorial/core.cljs   line:15  column:16  ----[0m

  [1mUse of undeclared Var r/atom[0m

  [36m11[0m  [36m                  [1 1 1 1 1 0 0 0 0 0 0 0 0 0 0 0 0 ][0m
  [36m12[0m  [36m                  [0 0 0 0 0 0 1 1 1 1 1 1 0 0 0 0 0 ][0m
  [36m13[0m  [36m                  [1 1 1 1 1 0 0 0 0 0 0 0 0 0 0 0 0 ]])[0m
  [36m14[0m  [36m[0m
  [33m15[0m  [1m(def position (r/atom [2 0]))[0m
  [0m  [0m  [33m               ^--- Use of undeclared Var r/atom[0m
  [36m16[0m  [36m[0m
  [36m17[0m  [36m(defn empty-ground [][0m
  [36m18[0m  [36m  [:div.empty-ground])[0m
  [36m19[0m  [36m[0m
  [36m20[0m  [36m(defn tree [][0m

[36m----  Compiler Warning : Please see src/cljs/reagent_tutorial/core.cljs  ----[0m
[32mSuccessfully compiled build :app to "target/cljsbuild/public/js/app.js" in 0.938 seconds.[0m
notifying browser that file changed:  target/cljsbuild/public/js/out/reagent_tutorial/core.js
Compiling build :app to "target/cljsbuild/public/js/app.js" from ["src/cljs" "src/cljc" "env/dev/cljs"]...
[32mSuccessfully compiled build :app to "target/cljsbuild/public/js/app.js" in 0.621 seconds.[0m
notifying browser that file changed:  target/cljsbuild/public/js/out/reagent_tutorial/core.js
Compiling build :app to "target/cljsbuild/public/js/app.js" from ["src/cljs" "src/cljc" "env/dev/cljs"]...
[31mFailed to compile build :app from ["src/cljs" "src/cljc" "env/dev/cljs"] in 0.434 seconds.[0m
[36m----  Could not Read  src/cljs/reagent_tutorial/core.cljs   line:34 ----[0m

  [1m/Users/ascavone/Desktop/API/clojure/rogues/reagent/reagent-tutorial/src/cljs/reagent_tutorial/core.cljs [line 34, col 6] Unmatched delimiter ].[0m

  [36m32[0m  [36m          (= 1 cell) [tree]  [0m
  [36m33[0m  [36m          :else [empty-ground] )[0m
  [33m34[0m  [1m    ]))[0m
  [0m  [0m  [33m    /Users/ascavone/Desktop/API/clojure/rogues/reagent/reagent-tutorial/src/cljs/reagent_tutorial/core.cljs [line 34, col 6] Unmatched delimiter ].[0m
  [36m35[0m  [36m[0m
  [36m36[0m  [36m(defn home-page [][0m
  [36m37[0m  [36m  [:div [:h2 "Welcome to reagent-tutorial"][0m

[36m----  Reader Error : Please see src/cljs/reagent_tutorial/core.cljs  ----[0m
Compiling build :app to "target/cljsbuild/public/js/app.js" from ["src/cljs" "src/cljc" "env/dev/cljs"]...
[31mFailed to compile build :app from ["src/cljs" "src/cljc" "env/dev/cljs"] in 0.513 seconds.[0m
[36m----  Could not Read  src/cljs/reagent_tutorial/core.cljs   line:33 ----[0m

  [1m/Users/ascavone/Desktop/API/clojure/rogues/reagent/reagent-tutorial/src/cljs/reagent_tutorial/core.cljs [line 33, col 6] Unmatched delimiter ].[0m

  [36m31[0m  [36m          (= 1 cell) [tree]  [0m
  [36m32[0m  [36m          :else [empty-ground] )[0m
  [33m33[0m  [1m    ]))[0m
  [0m  [0m  [33m    /Users/ascavone/Desktop/API/clojure/rogues/reagent/reagent-tutorial/src/cljs/reagent_tutorial/core.cljs [line 33, col 6] Unmatched delimiter ].[0m
  [36m34[0m  [36m[0m
  [36m35[0m  [36m(defn home-page [][0m
  [36m36[0m  [36m  [:div [:h2 "Welcome to reagent-tutorial"][0m

[36m----  Reader Error : Please see src/cljs/reagent_tutorial/core.cljs  ----[0m
Compiling build :app to "target/cljsbuild/public/js/app.js" from ["src/cljs" "src/cljc" "env/dev/cljs"]...
[31mFailed to compile build :app from ["src/cljs" "src/cljc" "env/dev/cljs"] in 0.351 seconds.[0m
[36m----  Could not Read  src/cljs/reagent_tutorial/core.cljs   line:33 ----[0m

  [1m/Users/ascavone/Desktop/API/clojure/rogues/reagent/reagent-tutorial/src/cljs/reagent_tutorial/core.cljs [line 33, col 6] Unmatched delimiter ].[0m

  [36m31[0m  [36m          (= 1 cell) [tree]  [0m
  [36m32[0m  [36m          :else [empty-ground] )[0m
  [33m33[0m  [1m    ]))[0m
  [0m  [0m  [33m    /Users/ascavone/Desktop/API/clojure/rogues/reagent/reagent-tutorial/src/cljs/reagent_tutorial/core.cljs [line 33, col 6] Unmatched delimiter ].[0m
  [36m34[0m  [36m[0m
  [36m35[0m  [36m(defn home-page [][0m
  [36m36[0m  [36m  [:div [:h2 "Welcome to reagent-tutorial"][0m

[36m----  Reader Error : Please see src/cljs/reagent_tutorial/core.cljs  ----[0m
Compiling build :app to "target/cljsbuild/public/js/app.js" from ["src/cljs" "src/cljc" "env/dev/cljs"]...
[31mFailed to compile build :app from ["src/cljs" "src/cljc" "env/dev/cljs"] in 0.338 seconds.[0m
[36m----  Could not Read  src/cljs/reagent_tutorial/core.cljs   line:37 ----[0m

  [1m/Users/ascavone/Desktop/API/clojure/rogues/reagent/reagent-tutorial/src/cljs/reagent_tutorial/core.cljs [line 37, col 56] Unmatched delimiter ].[0m

  [36m35[0m  [36m(defn home-page [][0m
  [36m36[0m  [36m  [:div [:h2 "Welcome to reagent-tutorial"][0m
  [33m37[0m  [1m    (map-indexed (fn [idx r] [row idx r] ) layout-data][0m
  [0m  [0m  [33m    /Users/ascavone/Desktop/API/clojure/rogues/reagent/reagent-tutorial/src/cljs/reagent_tutorial/core.cljs [line 37, col 56] Unmatched delimiter ].[0m
  [36m38[0m  [36m  ])[0m
  [36m39[0m  [36m; (defn home-page [][0m
  [36m40[0m  [36m;   [:div [:h2 "Welcome to reagent-tutorial"][0m

[36m----  Reader Error : Please see src/cljs/reagent_tutorial/core.cljs  ----[0m
Compiling build :app to "target/cljsbuild/public/js/app.js" from ["src/cljs" "src/cljc" "env/dev/cljs"]...
[32mSuccessfully compiled build :app to "target/cljsbuild/public/js/app.js" in 0.784 seconds.[0m
notifying browser that file changed:  target/cljsbuild/public/js/out/reagent_tutorial/core.js
Compiling build :app to "target/cljsbuild/public/js/app.js" from ["src/cljs" "src/cljc" "env/dev/cljs"]...
[31mFailed to compile build :app from ["src/cljs" "src/cljc" "env/dev/cljs"] in 0.403 seconds.[0m
[36m----  Could not Read  src/cljs/reagent_tutorial/core.cljs   line:34 ----[0m

  [1m/Users/ascavone/Desktop/API/clojure/rogues/reagent/reagent-tutorial/src/cljs/reagent_tutorial/core.cljs [line 34, col 7] Unmatched delimiter ].[0m

  [36m32[0m  [36m          (= 1 cell) [tree]  [0m
  [36m33[0m  [36m          :else [empty-ground] )[0m
  [33m34[0m  [1m    )])[0m
  [0m  [0m  [33m    /Users/ascavone/Desktop/API/clojure/rogues/reagent/reagent-tutorial/src/cljs/reagent_tutorial/core.cljs [line 34, col 7] Unmatched delimiter ].[0m
  [36m35[0m  [36m[0m
  [36m36[0m  [36m(defn home-page [][0m
  [36m37[0m  [36m  [:div [:h2 "Welcome to reagent-tutorial"][0m

[36m----  Reader Error : Please see src/cljs/reagent_tutorial/core.cljs  ----[0m
Compiling build :app to "target/cljsbuild/public/js/app.js" from ["src/cljs" "src/cljc" "env/dev/cljs"]...
[31mFailed to compile build :app from ["src/cljs" "src/cljc" "env/dev/cljs"] in 0.337 seconds.[0m
[36m----  Could not Analyze  src/cljs/reagent_tutorial/core.cljs   line:28  column:5  ----[0m

  [1mWrong number of args (3) passed to: core/for[0m

  [36m26[0m  [36m(defn row [rownum r][0m
  [36m27[0m  [36m  [:div.row[0m
  [33m28[0m  [1m    (for [cell r][0m
  [0m  [0m  [33m    ^--- Wrong number of args (3) passed to: core/for[0m
  [36m29[0m  [36m      (.log js/console (str rownum "," cell))[0m
  [36m30[0m  [36m        (cond [0m
  [36m31[0m  [36m          (and (= rownum (first @position)) (= cell (second @position))) [hero][0m

[36m----  Analysis Error : Please see src/cljs/reagent_tutorial/core.cljs  ----[0m
Compiling build :app to "target/cljsbuild/public/js/app.js" from ["src/cljs" "src/cljc" "env/dev/cljs"]...
[32mSuccessfully compiled build :app to "target/cljsbuild/public/js/app.js" in 1.227 seconds.[0m
notifying browser that file changed:  target/cljsbuild/public/js/out/reagent_tutorial/core.js
Compiling build :app to "target/cljsbuild/public/js/app.js" from ["src/cljs" "src/cljc" "env/dev/cljs"]...
[32mSuccessfully compiled build :app to "target/cljsbuild/public/js/app.js" in 0.598 seconds.[0m
notifying browser that file changed:  target/cljsbuild/public/js/out/reagent_tutorial/core.js
Compiling build :app to "target/cljsbuild/public/js/app.js" from ["src/cljs" "src/cljc" "env/dev/cljs"]...
[31mFailed to compile build :app from ["src/cljs" "src/cljc" "env/dev/cljs"] in 0.552 seconds.[0m
[36m----  Could not Read  src/cljs/reagent_tutorial/core.cljs   line:37 ----[0m

  [1m/Users/ascavone/Desktop/API/clojure/rogues/reagent/reagent-tutorial/src/cljs/reagent_tutorial/core.cljs [line 37, col 7] Unmatched delimiter ].[0m

  [36m35[0m  [36m          :else [empty-ground] )[0m
  [36m36[0m  [36m        (swap! colnum inc)[0m
  [33m37[0m  [1m    )])[0m
  [0m  [0m  [33m    /Users/ascavone/Desktop/API/clojure/rogues/reagent/reagent-tutorial/src/cljs/reagent_tutorial/core.cljs [line 37, col 7] Unmatched delimiter ].[0m
  [36m38[0m  [36m[0m
  [36m39[0m  [36m(defn home-page [][0m
  [36m40[0m  [36m  [:div [:h2 "Welcome to reagent-tutorial"][0m

[36m----  Reader Error : Please see src/cljs/reagent_tutorial/core.cljs  ----[0m
Compiling build :app to "target/cljsbuild/public/js/app.js" from ["src/cljs" "src/cljc" "env/dev/cljs"]...
[31mFailed to compile build :app from ["src/cljs" "src/cljc" "env/dev/cljs"] in 0.42 seconds.[0m
[36m----  Could not Read  src/cljs/reagent_tutorial/core.cljs   line:37 ----[0m

  [1m/Users/ascavone/Desktop/API/clojure/rogues/reagent/reagent-tutorial/src/cljs/reagent_tutorial/core.cljs [line 37, col 7] Unmatched delimiter ].[0m

  [36m35[0m  [36m          :else [empty-ground] )[0m
  [36m36[0m  [36m        (swap! colnum inc)[0m
  [33m37[0m  [1m    )]))[0m
  [0m  [0m  [33m    /Users/ascavone/Desktop/API/clojure/rogues/reagent/reagent-tutorial/src/cljs/reagent_tutorial/core.cljs [line 37, col 7] Unmatched delimiter ].[0m
  [36m38[0m  [36m[0m
  [36m39[0m  [36m(defn home-page [][0m
  [36m40[0m  [36m  [:div [:h2 "Welcome to reagent-tutorial"][0m

[36m----  Reader Error : Please see src/cljs/reagent_tutorial/core.cljs  ----[0m
Compiling build :app to "target/cljsbuild/public/js/app.js" from ["src/cljs" "src/cljc" "env/dev/cljs"]...
[32mSuccessfully compiled build :app to "target/cljsbuild/public/js/app.js" in 0.752 seconds.[0m
notifying browser that file changed:  target/cljsbuild/public/js/out/reagent_tutorial/core.js
Compiling build :app to "target/cljsbuild/public/js/app.js" from ["src/cljs" "src/cljc" "env/dev/cljs"]...
[32mSuccessfully compiled build :app to "target/cljsbuild/public/js/app.js" in 0.794 seconds.[0m
notifying browser that file changed:  target/cljsbuild/public/js/out/reagent_tutorial/core.js
Compiling build :app to "target/cljsbuild/public/js/app.js" from ["src/cljs" "src/cljc" "env/dev/cljs"]...
[32mSuccessfully compiled build :app to "target/cljsbuild/public/js/app.js" in 0.686 seconds.[0m
notifying browser that file changed:  target/cljsbuild/public/js/out/reagent_tutorial/core.js
Compiling build :app to "target/cljsbuild/public/js/app.js" from ["src/cljs" "src/cljc" "env/dev/cljs"]...
[32mSuccessfully compiled build :app to "target/cljsbuild/public/js/app.js" in 1.542 seconds.[0m
notifying browser that file changed:  target/cljsbuild/public/js/out/reagent_tutorial/core.js
Notifying browser that CSS file changed: resources/public/css/site.css
Notifying browser that CSS file changed: resources/public/css/site.css
Compiling build :app to "target/cljsbuild/public/js/app.js" from ["src/cljs" "src/cljc" "env/dev/cljs"]...
[31mFailed to compile build :app from ["src/cljs" "src/cljc" "env/dev/cljs"] in 1.005 seconds.[0m
[36m----  Could not Read  src/cljs/reagent_tutorial/core.cljs   line:78 ----[0m

  [1m/Users/ascavone/Desktop/API/clojure/rogues/reagent/reagent-tutorial/src/cljs/reagent_tutorial/core.cljs [line 78, col 1] Unexpected EOF while reading item 12 of list, starting at line 22 and column 1.[0m

[36m----  Reader Error : Please see src/cljs/reagent_tutorial/core.cljs  ----[0m
Compiling build :app to "target/cljsbuild/public/js/app.js" from ["src/cljs" "src/cljc" "env/dev/cljs"]...
[32mSuccessfully compiled build :app to "target/cljsbuild/public/js/app.js" in 0.995 seconds.[0m
notifying browser that file changed:  target/cljsbuild/public/js/out/reagent_tutorial/core.js
Compiling build :app to "target/cljsbuild/public/js/app.js" from ["src/cljs" "src/cljc" "env/dev/cljs"]...
[32mSuccessfully compiled build :app to "target/cljsbuild/public/js/app.js" in 0.874 seconds.[0m
notifying browser that file changed:  target/cljsbuild/public/js/out/reagent_tutorial/core.js
Compiling build :app to "target/cljsbuild/public/js/app.js" from ["src/cljs" "src/cljc" "env/dev/cljs"]...
[32mSuccessfully compiled build :app to "target/cljsbuild/public/js/app.js" in 0.683 seconds.[0m
notifying browser that file changed:  target/cljsbuild/public/js/out/reagent_tutorial/core.js
Compiling build :app to "target/cljsbuild/public/js/app.js" from ["src/cljs" "src/cljc" "env/dev/cljs"]...
[32mSuccessfully compiled build :app to "target/cljsbuild/public/js/app.js" in 0.677 seconds.[0m
notifying browser that file changed:  target/cljsbuild/public/js/out/reagent_tutorial/core.js
Compiling build :app to "target/cljsbuild/public/js/app.js" from ["src/cljs" "src/cljc" "env/dev/cljs"]...
[36m----  Compiler Warning on   src/cljs/reagent_tutorial/core.cljs   line:45  column:12  ----[0m

  [1mUse of undeclared Var reagent-tutorial.core/keypress[0m

  [36m41[0m  [36m  [keycode][0m
  [36m42[0m  [36m  (let [x (:x @position)[0m
  [36m43[0m  [36m      y (:y @position)][0m
  [36m44[0m  [36m            (cond [0m
  [33m45[0m  [1m        (= keypress "LEFT") (swap! position assoc :x (+ x -1))[0m
  [0m  [0m  [33m           ^--- Use of undeclared Var reagent-tutorial.core/keypress[0m
  [36m46[0m  [36m        (= keypress "RIGHT") (swap! position assoc :x (+ x 1))[0m
  [36m47[0m  [36m        (= keypress "UP") (swap! position assoc :x (+ y 1))[0m
  [36m48[0m  [36m        (= keypress "DOWN") (swap! position assoc :x (+ y -1))[0m
  [36m49[0m  [36m[0m
  [36m50[0m  [36m        )))[0m

[36m----  Compiler Warning : Please see src/cljs/reagent_tutorial/core.cljs  ----[0m
[36m----  Compiler Warning on   src/cljs/reagent_tutorial/core.cljs   line:46  column:12  ----[0m

  [1mUse of undeclared Var reagent-tutorial.core/keypress[0m

  [36m42[0m  [36m  (let [x (:x @position)[0m
  [36m43[0m  [36m      y (:y @position)][0m
  [36m44[0m  [36m            (cond [0m
  [36m45[0m  [36m        (= keypress "LEFT") (swap! position assoc :x (+ x -1))[0m
  [33m46[0m  [1m        (= keypress "RIGHT") (swap! position assoc :x (+ x 1))[0m
  [0m  [0m  [33m           ^--- Use of undeclared Var reagent-tutorial.core/keypress[0m
  [36m47[0m  [36m        (= keypress "UP") (swap! position assoc :x (+ y 1))[0m
  [36m48[0m  [36m        (= keypress "DOWN") (swap! position assoc :x (+ y -1))[0m
  [36m49[0m  [36m[0m
  [36m50[0m  [36m        )))[0m

[36m----  Compiler Warning : Please see src/cljs/reagent_tutorial/core.cljs  ----[0m
[36m----  Compiler Warning on   src/cljs/reagent_tutorial/core.cljs   line:47  column:12  ----[0m

  [1mUse of undeclared Var reagent-tutorial.core/keypress[0m

  [36m43[0m  [36m      y (:y @position)][0m
  [36m44[0m  [36m            (cond [0m
  [36m45[0m  [36m        (= keypress "LEFT") (swap! position assoc :x (+ x -1))[0m
  [36m46[0m  [36m        (= keypress "RIGHT") (swap! position assoc :x (+ x 1))[0m
  [33m47[0m  [1m        (= keypress "UP") (swap! position assoc :x (+ y 1))[0m
  [0m  [0m  [33m           ^--- Use of undeclared Var reagent-tutorial.core/keypress[0m
  [36m48[0m  [36m        (= keypress "DOWN") (swap! position assoc :x (+ y -1))[0m
  [36m49[0m  [36m[0m
  [36m50[0m  [36m        )))[0m

[36m----  Compiler Warning : Please see src/cljs/reagent_tutorial/core.cljs  ----[0m
[36m----  Compiler Warning on   src/cljs/reagent_tutorial/core.cljs   line:48  column:12  ----[0m

  [1mUse of undeclared Var reagent-tutorial.core/keypress[0m

  [36m44[0m  [36m            (cond [0m
  [36m45[0m  [36m        (= keypress "LEFT") (swap! position assoc :x (+ x -1))[0m
  [36m46[0m  [36m        (= keypress "RIGHT") (swap! position assoc :x (+ x 1))[0m
  [36m47[0m  [36m        (= keypress "UP") (swap! position assoc :x (+ y 1))[0m
  [33m48[0m  [1m        (= keypress "DOWN") (swap! position assoc :x (+ y -1))[0m
  [0m  [0m  [33m           ^--- Use of undeclared Var reagent-tutorial.core/keypress[0m
  [36m49[0m  [36m[0m
  [36m50[0m  [36m        )))[0m
  [36m51[0m  [36m    [0m
  [36m52[0m  [36m[0m
  [36m53[0m  [36m(defn home-page [][0m

[36m----  Compiler Warning : Please see src/cljs/reagent_tutorial/core.cljs  ----[0m
[36m----  Compiler Warning on   src/cljs/reagent_tutorial/core.cljs   line:68  column:18  ----[0m

  [1mUse of undeclared Var reagent-tutorial.core/codename[0m

  [36m64[0m  [36m;; Routes[0m
  [36m65[0m  [36m(.addEventListener js/document "keydown" [0m
  [36m66[0m  [36m  (fn [e] [0m
  [36m67[0m  [36m    (let [0m
  [33m68[0m  [1m      [keypress (codename(.-keyCode e))] [0m
  [0m  [0m  [33m                 ^--- Use of undeclared Var reagent-tutorial.core/codename[0m
  [36m69[0m  [36m      (.log js/console (str "keypress: " keypress)))[0m
  [36m70[0m  [36m      (move-hero keypress)[0m
  [36m71[0m  [36m    ))[0m
  [36m72[0m  [36m[0m
  [36m73[0m  [36m(def codename[0m

[36m----  Compiler Warning : Please see src/cljs/reagent_tutorial/core.cljs  ----[0m
[36m----  Compiler Warning on   src/cljs/reagent_tutorial/core.cljs   line:70  column:18  ----[0m

  [1mUse of undeclared Var reagent-tutorial.core/keypress[0m

  [36m66[0m  [36m  (fn [e] [0m
  [36m67[0m  [36m    (let [0m
  [36m68[0m  [36m      [keypress (codename(.-keyCode e))] [0m
  [36m69[0m  [36m      (.log js/console (str "keypress: " keypress)))[0m
  [33m70[0m  [1m      (move-hero keypress)[0m
  [0m  [0m  [33m                 ^--- Use of undeclared Var reagent-tutorial.core/keypress[0m
  [36m71[0m  [36m    ))[0m
  [36m72[0m  [36m[0m
  [36m73[0m  [36m(def codename[0m
  [36m74[0m  [36m  {37 "LEFT"[0m
  [36m75[0m  [36m   38 "UP"[0m

[36m----  Compiler Warning : Please see src/cljs/reagent_tutorial/core.cljs  ----[0m
[32mSuccessfully compiled build :app to "target/cljsbuild/public/js/app.js" in 0.77 seconds.[0m
notifying browser that file changed:  target/cljsbuild/public/js/out/reagent_tutorial/core.js
Compiling build :app to "target/cljsbuild/public/js/app.js" from ["src/cljs" "src/cljc" "env/dev/cljs"]...
[36m----  Compiler Warning on   src/cljs/reagent_tutorial/core.cljs   line:68  column:18  ----[0m

  [1mUse of undeclared Var reagent-tutorial.core/codename[0m

  [36m64[0m  [36m;; Routes[0m
  [36m65[0m  [36m(.addEventListener js/document "keydown" [0m
  [36m66[0m  [36m  (fn [e] [0m
  [36m67[0m  [36m    (let [0m
  [33m68[0m  [1m      [keypress (codename(.-keyCode e))] [0m
  [0m  [0m  [33m                 ^--- Use of undeclared Var reagent-tutorial.core/codename[0m
  [36m69[0m  [36m      (.log js/console (str "keypress: " keypress)))[0m
  [36m70[0m  [36m      (move-hero keypress)[0m
  [36m71[0m  [36m    ))[0m
  [36m72[0m  [36m[0m
  [36m73[0m  [36m(def codename[0m

[36m----  Compiler Warning : Please see src/cljs/reagent_tutorial/core.cljs  ----[0m
[36m----  Compiler Warning on   src/cljs/reagent_tutorial/core.cljs   line:70  column:18  ----[0m

  [1mUse of undeclared Var reagent-tutorial.core/keypress[0m

  [36m66[0m  [36m  (fn [e] [0m
  [36m67[0m  [36m    (let [0m
  [36m68[0m  [36m      [keypress (codename(.-keyCode e))] [0m
  [36m69[0m  [36m      (.log js/console (str "keypress: " keypress)))[0m
  [33m70[0m  [1m      (move-hero keypress)[0m
  [0m  [0m  [33m                 ^--- Use of undeclared Var reagent-tutorial.core/keypress[0m
  [36m71[0m  [36m    ))[0m
  [36m72[0m  [36m[0m
  [36m73[0m  [36m(def codename[0m
  [36m74[0m  [36m  {37 "LEFT"[0m
  [36m75[0m  [36m   38 "UP"[0m

[36m----  Compiler Warning : Please see src/cljs/reagent_tutorial/core.cljs  ----[0m
[32mSuccessfully compiled build :app to "target/cljsbuild/public/js/app.js" in 0.745 seconds.[0m
notifying browser that file changed:  target/cljsbuild/public/js/out/reagent_tutorial/core.js
Compiling build :app to "target/cljsbuild/public/js/app.js" from ["src/cljs" "src/cljc" "env/dev/cljs"]...
[36m----  Compiler Warning on   src/cljs/reagent_tutorial/core.cljs   line:79  column:18  ----[0m

  [1mUse of undeclared Var reagent-tutorial.core/keypress[0m

  [36m75[0m  [36m  (fn [e] [0m
  [36m76[0m  [36m    (let [0m
  [36m77[0m  [36m      [keypress (codename(.-keyCode e))] [0m
  [36m78[0m  [36m      (.log js/console (str "keypress: " keypress)))[0m
  [33m79[0m  [1m      (move-hero keypress)[0m
  [0m  [0m  [33m                 ^--- Use of undeclared Var reagent-tutorial.core/keypress[0m
  [36m80[0m  [36m    ))[0m
  [36m81[0m  [36m[0m
  [36m82[0m  [36m[0m
  [36m83[0m  [36m(defonce page (atom #'home-page))[0m

[36m----  Compiler Warning : Please see src/cljs/reagent_tutorial/core.cljs  ----[0m
[32mSuccessfully compiled build :app to "target/cljsbuild/public/js/app.js" in 0.689 seconds.[0m
notifying browser that file changed:  target/cljsbuild/public/js/out/reagent_tutorial/core.js
Compiling build :app to "target/cljsbuild/public/js/app.js" from ["src/cljs" "src/cljc" "env/dev/cljs"]...
[31mFailed to compile build :app from ["src/cljs" "src/cljc" "env/dev/cljs"] in 0.359 seconds.[0m
[36m----  Could not Read  src/cljs/reagent_tutorial/core.cljs   line:80 ----[0m

  [1m/Users/ascavone/Desktop/API/clojure/rogues/reagent/reagent-tutorial/src/cljs/reagent_tutorial/core.cljs [line 80, col 9] Unmatched delimiter ).[0m

  [36m78[0m  [36m      (.log js/console (str "keypress: " keypress))[0m
  [36m79[0m  [36m      (move-hero keypress)[0m
  [33m80[0m  [1m    ))))[0m
  [0m  [0m  [33m    /Users/ascavone/Desktop/API/clojure/rogues/reagent/reagent-tutorial/src/cljs/reagent_tutorial/core.cljs [line 80, col 9] Unmatched delimiter ).[0m
  [36m81[0m  [36m[0m
  [36m82[0m  [36m[0m
  [36m83[0m  [36m(defonce page (atom #'home-page))[0m

[36m----  Reader Error : Please see src/cljs/reagent_tutorial/core.cljs  ----[0m
Compiling build :app to "target/cljsbuild/public/js/app.js" from ["src/cljs" "src/cljc" "env/dev/cljs"]...
[32mSuccessfully compiled build :app to "target/cljsbuild/public/js/app.js" in 0.753 seconds.[0m
notifying browser that file changed:  target/cljsbuild/public/js/out/reagent_tutorial/core.js
Compiling build :app to "target/cljsbuild/public/js/app.js" from ["src/cljs" "src/cljc" "env/dev/cljs"]...
[31mFailed to compile build :app from ["src/cljs" "src/cljc" "env/dev/cljs"] in 0.312 seconds.[0m
[36m----  Could not Read  src/cljs/reagent_tutorial/core.cljs   line:17 ----[0m

  [1m/Users/ascavone/Desktop/API/clojure/rogues/reagent/reagent-tutorial/src/cljs/reagent_tutorial/core.cljs [line 17, col 40] Unmatched delimiter ].[0m

  [36m15[0m  [36m                  [1 1 1 1 1 1 1 1 1 1 1 1 1 1 1 1 1 ]])[0m
  [36m16[0m  [36m[0m
  [33m17[0m  [1m(def position (reagent/atom {:x 2 :y 0]))[0m
  [0m  [0m  [33m/Users/ascavone/Desktop/API/clojure/rogues/reagent/reagent-tutorial/src/cljs/reagent_tutorial/core.cljs [line 17, col 40] Unmatched delimiter ].[0m
  [36m18[0m  [36m[0m
  [36m19[0m  [36m(defn empty-ground [][0m
  [36m20[0m  [36m  [:div.empty-ground])[0m

[36m----  Reader Error : Please see src/cljs/reagent_tutorial/core.cljs  ----[0m
Compiling build :app to "target/cljsbuild/public/js/app.js" from ["src/cljs" "src/cljc" "env/dev/cljs"]...
[32mSuccessfully compiled build :app to "target/cljsbuild/public/js/app.js" in 0.617 seconds.[0m
notifying browser that file changed:  target/cljsbuild/public/js/out/reagent_tutorial/core.js
Compiling build :app to "target/cljsbuild/public/js/app.js" from ["src/cljs" "src/cljc" "env/dev/cljs"]...
[32mSuccessfully compiled build :app to "target/cljsbuild/public/js/app.js" in 0.653 seconds.[0m
notifying browser that file changed:  target/cljsbuild/public/js/out/reagent_tutorial/core.js
Compiling build :app to "target/cljsbuild/public/js/app.js" from ["src/cljs" "src/cljc" "env/dev/cljs"]...
[36m----  Compiler Warning on   src/cljs/reagent_tutorial/core.cljs   line:51  column:19  ----[0m

  [1mUse of undeclared Var reagent-tutorial.core/console[0m

  [36m47[0m  [36m        (= keycode "UP") (swap! position assoc :x (+ y 1))[0m
  [36m48[0m  [36m        (= keycode "DOWN") (swap! position assoc :x (+ y -1))[0m
  [36m49[0m  [36m[0m
  [36m50[0m  [36m        )[0m
  [33m51[0m  [1m            (.log console (str "position: " @position))))[0m
  [0m  [0m  [33m                  ^--- Use of undeclared Var reagent-tutorial.core/console[0m
  [36m52[0m  [36m    [0m
  [36m53[0m  [36m[0m
  [36m54[0m  [36m(defn home-page [][0m
  [36m55[0m  [36m  [:div [:h2 "Welcome to reagent-tutorial"][0m
  [36m56[0m  [36m    (map-indexed (fn [idx r] [row idx r position]) layout-data)[0m

[36m----  Compiler Warning : Please see src/cljs/reagent_tutorial/core.cljs  ----[0m
[32mSuccessfully compiled build :app to "target/cljsbuild/public/js/app.js" in 0.771 seconds.[0m
notifying browser that file changed:  target/cljsbuild/public/js/out/reagent_tutorial/core.js
Compiling build :app to "target/cljsbuild/public/js/app.js" from ["src/cljs" "src/cljc" "env/dev/cljs"]...
[32mSuccessfully compiled build :app to "target/cljsbuild/public/js/app.js" in 0.603 seconds.[0m
notifying browser that file changed:  target/cljsbuild/public/js/out/reagent_tutorial/core.js
Compiling build :app to "target/cljsbuild/public/js/app.js" from ["src/cljs" "src/cljc" "env/dev/cljs"]...
[32mSuccessfully compiled build :app to "target/cljsbuild/public/js/app.js" in 0.638 seconds.[0m
notifying browser that file changed:  target/cljsbuild/public/js/out/reagent_tutorial/core.js
Compiling build :app to "target/cljsbuild/public/js/app.js" from ["src/cljs" "src/cljc" "env/dev/cljs"]...
[32mSuccessfully compiled build :app to "target/cljsbuild/public/js/app.js" in 0.616 seconds.[0m
notifying browser that file changed:  target/cljsbuild/public/js/out/reagent_tutorial/core.js
Compiling build :app to "target/cljsbuild/public/js/app.js" from ["src/cljs" "src/cljc" "env/dev/cljs"]...
[32mSuccessfully compiled build :app to "target/cljsbuild/public/js/app.js" in 0.613 seconds.[0m
notifying browser that file changed:  target/cljsbuild/public/js/out/reagent_tutorial/core.js
Compiling build :app to "target/cljsbuild/public/js/app.js" from ["src/cljs" "src/cljc" "env/dev/cljs"]...
[32mSuccessfully compiled build :app to "target/cljsbuild/public/js/app.js" in 0.607 seconds.[0m
notifying browser that file changed:  target/cljsbuild/public/js/out/reagent_tutorial/core.js
Compiling build :app to "target/cljsbuild/public/js/app.js" from ["src/cljs" "src/cljc" "env/dev/cljs"]...
[32mSuccessfully compiled build :app to "target/cljsbuild/public/js/app.js" in 0.609 seconds.[0m
notifying browser that file changed:  target/cljsbuild/public/js/out/reagent_tutorial/core.js
Compiling build :app to "target/cljsbuild/public/js/app.js" from ["src/cljs" "src/cljc" "env/dev/cljs"]...
[32mSuccessfully compiled build :app to "target/cljsbuild/public/js/app.js" in 0.65 seconds.[0m
notifying browser that file changed:  target/cljsbuild/public/js/out/reagent_tutorial/core.js
Compiling build :app to "target/cljsbuild/public/js/app.js" from ["src/cljs" "src/cljc" "env/dev/cljs"]...
[32mSuccessfully compiled build :app to "target/cljsbuild/public/js/app.js" in 0.613 seconds.[0m
notifying browser that file changed:  target/cljsbuild/public/js/out/reagent_tutorial/core.js
Compiling build :app to "target/cljsbuild/public/js/app.js" from ["src/cljs" "src/cljc" "env/dev/cljs"]...
[32mSuccessfully compiled build :app to "target/cljsbuild/public/js/app.js" in 0.72 seconds.[0m
notifying browser that file changed:  target/cljsbuild/public/js/out/reagent_tutorial/core.js
Compiling build :app to "target/cljsbuild/public/js/app.js" from ["src/cljs" "src/cljc" "env/dev/cljs"]...
[32mSuccessfully compiled build :app to "target/cljsbuild/public/js/app.js" in 0.618 seconds.[0m
notifying browser that file changed:  target/cljsbuild/public/js/out/reagent_tutorial/core.js
Compiling build :app to "target/cljsbuild/public/js/app.js" from ["src/cljs" "src/cljc" "env/dev/cljs"]...
[32mSuccessfully compiled build :app to "target/cljsbuild/public/js/app.js" in 0.754 seconds.[0m
notifying browser that file changed:  target/cljsbuild/public/js/out/reagent_tutorial/core.js
Compiling build :app to "target/cljsbuild/public/js/app.js" from ["src/cljs" "src/cljc" "env/dev/cljs"]...
[32mSuccessfully compiled build :app to "target/cljsbuild/public/js/app.js" in 0.6 seconds.[0m
notifying browser that file changed:  target/cljsbuild/public/js/out/reagent_tutorial/core.js
Compiling build :app to "target/cljsbuild/public/js/app.js" from ["src/cljs" "src/cljc" "env/dev/cljs"]...
[31mFailed to compile build :app from ["src/cljs" "src/cljc" "env/dev/cljs"] in 0.541 seconds.[0m
[36m----  Could not Read  src/cljs/reagent_tutorial/core.cljs   line:54 ----[0m

  [1m/Users/ascavone/Desktop/API/clojure/rogues/reagent/reagent-tutorial/src/cljs/reagent_tutorial/core.cljs [line 54, col 78] Unmatched delimiter ).[0m

  [36m52[0m  [36m(let [x (:x @position)[0m
  [36m53[0m  [36m      y (:y @position)[0m
  [33m54[0m  [1m      x-offset (cond (= keycode "LEFT") -1 ) (= keycode "RIGHT") 1 :else 0)[0m
  [0m  [0m  [33m      /Users/ascavone/Desktop/API/clojure/rogues/reagent/reagent-tutorial/src/cljs/reagent_tutorial/core.cljs [line 54, col 78] Unmatched delimiter ).[0m
  [36m55[0m  [36m      y-offset (cond (= keycode "LEFT") -1 ) (= keycode "RIGHT") 1 :else 0)[0m
  [36m56[0m  [36m      new-x (+ x x-offset)[0m
  [36m57[0m  [36m      new-y (+ y y-offset)] [0m

[36m----  Reader Error : Please see src/cljs/reagent_tutorial/core.cljs  ----[0m
Compiling build :app to "target/cljsbuild/public/js/app.js" from ["src/cljs" "src/cljc" "env/dev/cljs"]...
[31mFailed to compile build :app from ["src/cljs" "src/cljc" "env/dev/cljs"] in 0.35 seconds.[0m
[36m----  Could not Analyze  src/cljs/reagent_tutorial/core.cljs   line:54  column:18  ----[0m

  [1mcond requires an even number of forms[0m

  [36m52[0m  [36m(let [x (:x @position)[0m
  [36m53[0m  [36m      y (:y @position)[0m
  [33m54[0m  [1m      x-offset (cond (= (keycode "LEFT") -1 ) (= keycode "RIGHT") 1 :else 0)[0m
  [0m  [0m  [33m               ^--- cond requires an even number of forms[0m
  [36m55[0m  [36m      y-offset (cond (= (keycode "LEFT") -1 ) (= keycode "RIGHT") 1 :else 0)[0m
  [36m56[0m  [36m      new-x (+ x x-offset)[0m
  [36m57[0m  [36m      new-y (+ y y-offset)] [0m

[36m----  Analysis Error : Please see src/cljs/reagent_tutorial/core.cljs  ----[0m
Compiling build :app to "target/cljsbuild/public/js/app.js" from ["src/cljs" "src/cljc" "env/dev/cljs"]...
[32mSuccessfully compiled build :app to "target/cljsbuild/public/js/app.js" in 0.645 seconds.[0m
notifying browser that file changed:  target/cljsbuild/public/js/out/reagent_tutorial/core.js
Compiling build :app to "target/cljsbuild/public/js/app.js" from ["src/cljs" "src/cljc" "env/dev/cljs"]...
[32mSuccessfully compiled build :app to "target/cljsbuild/public/js/app.js" in 0.619 seconds.[0m
notifying browser that file changed:  target/cljsbuild/public/js/out/reagent_tutorial/core.js
Compiling build :app to "target/cljsbuild/public/js/app.js" from ["src/cljs" "src/cljc" "env/dev/cljs"]...
[32mSuccessfully compiled build :app to "target/cljsbuild/public/js/app.js" in 0.607 seconds.[0m
notifying browser that file changed:  target/cljsbuild/public/js/out/reagent_tutorial/core.js
Compiling build :app to "target/cljsbuild/public/js/app.js" from ["src/cljs" "src/cljc" "env/dev/cljs"]...
[32mSuccessfully compiled build :app to "target/cljsbuild/public/js/app.js" in 0.62 seconds.[0m
notifying browser that file changed:  target/cljsbuild/public/js/out/reagent_tutorial/core.js
Compiling build :app to "target/cljsbuild/public/js/app.js" from ["src/cljs" "src/cljc" "env/dev/cljs"]...
[36m----  Compiler Warning on   src/cljs/reagent_tutorial/core.cljs   line:27  column:71  ----[0m

  [1mUse of undeclared Var reagent-tutorial.core/hero[0m

  [36m23[0m  [36m    (for [cell r][0m
  [36m24[0m  [36m      (do[0m
  [36m25[0m  [36m        (swap! colnum inc)[0m
  [36m26[0m  [36m        (cond [0m
  [33m27[0m  [1m          (and (= rownum (:y @position)) (= @colnum (:x @position))) [hero][0m
  [0m  [0m  [33m                                                                      ^--- Use of undeclared Var reagent-tutorial.core/hero[0m
  [36m28[0m  [36m          (= 1 cell) [tree]  [0m
  [36m29[0m  [36m          :else [empty-ground])[0m
  [36m30[0m  [36m    ))])[0m
  [36m31[0m  [36m[0m
  [36m32[0m  [36m(defn can-move?[0m

[36m----  Compiler Warning : Please see src/cljs/reagent_tutorial/core.cljs  ----[0m
[36m----  Compiler Warning on   src/cljs/reagent_tutorial/core.cljs   line:28  column:23  ----[0m

  [1mUse of undeclared Var reagent-tutorial.core/tree[0m

  [36m24[0m  [36m      (do[0m
  [36m25[0m  [36m        (swap! colnum inc)[0m
  [36m26[0m  [36m        (cond [0m
  [36m27[0m  [36m          (and (= rownum (:y @position)) (= @colnum (:x @position))) [hero][0m
  [33m28[0m  [1m          (= 1 cell) [tree]  [0m
  [0m  [0m  [33m                      ^--- Use of undeclared Var reagent-tutorial.core/tree[0m
  [36m29[0m  [36m          :else [empty-ground])[0m
  [36m30[0m  [36m    ))])[0m
  [36m31[0m  [36m[0m
  [36m32[0m  [36m(defn can-move?[0m
  [36m33[0m  [36m  [new-x new-y][0m

[36m----  Compiler Warning : Please see src/cljs/reagent_tutorial/core.cljs  ----[0m
[36m----  Compiler Warning on   src/cljs/reagent_tutorial/core.cljs   line:29  column:18  ----[0m

  [1mUse of undeclared Var reagent-tutorial.core/empty-ground[0m

  [36m25[0m  [36m        (swap! colnum inc)[0m
  [36m26[0m  [36m        (cond [0m
  [36m27[0m  [36m          (and (= rownum (:y @position)) (= @colnum (:x @position))) [hero][0m
  [36m28[0m  [36m          (= 1 cell) [tree]  [0m
  [33m29[0m  [1m          :else [empty-ground])[0m
  [0m  [0m  [33m                 ^--- Use of undeclared Var reagent-tutorial.core/empty-ground[0m
  [36m30[0m  [36m    ))])[0m
  [36m31[0m  [36m[0m
  [36m32[0m  [36m(defn can-move?[0m
  [36m33[0m  [36m  [new-x new-y][0m
  [36m34[0m  [36m  (and (>= new-x 0)[0m

[36m----  Compiler Warning : Please see src/cljs/reagent_tutorial/core.cljs  ----[0m
[36m----  Compiler Warning on   src/cljs/reagent_tutorial/core.cljs   line:27  column:71  ----[0m

  [1mUse of undeclared Var reagent-tutorial.core/hero[0m

  [36m23[0m  [36m    (for [cell r][0m
  [36m24[0m  [36m      (do[0m
  [36m25[0m  [36m        (swap! colnum inc)[0m
  [36m26[0m  [36m        (cond [0m
  [33m27[0m  [1m          (and (= rownum (:y @position)) (= @colnum (:x @position))) [hero][0m
  [0m  [0m  [33m                                                                      ^--- Use of undeclared Var reagent-tutorial.core/hero[0m
  [36m28[0m  [36m          (= 1 cell) [tree]  [0m
  [36m29[0m  [36m          :else [empty-ground])[0m
  [36m30[0m  [36m    ))])[0m
  [36m31[0m  [36m[0m
  [36m32[0m  [36m(defn can-move?[0m

[36m----  Compiler Warning : Please see src/cljs/reagent_tutorial/core.cljs  ----[0m
[36m----  Compiler Warning on   src/cljs/reagent_tutorial/core.cljs   line:28  column:23  ----[0m

  [1mUse of undeclared Var reagent-tutorial.core/tree[0m

  [36m24[0m  [36m      (do[0m
  [36m25[0m  [36m        (swap! colnum inc)[0m
  [36m26[0m  [36m        (cond [0m
  [36m27[0m  [36m          (and (= rownum (:y @position)) (= @colnum (:x @position))) [hero][0m
  [33m28[0m  [1m          (= 1 cell) [tree]  [0m
  [0m  [0m  [33m                      ^--- Use of undeclared Var reagent-tutorial.core/tree[0m
  [36m29[0m  [36m          :else [empty-ground])[0m
  [36m30[0m  [36m    ))])[0m
  [36m31[0m  [36m[0m
  [36m32[0m  [36m(defn can-move?[0m
  [36m33[0m  [36m  [new-x new-y][0m

[36m----  Compiler Warning : Please see src/cljs/reagent_tutorial/core.cljs  ----[0m
[36m----  Compiler Warning on   src/cljs/reagent_tutorial/core.cljs   line:29  column:18  ----[0m

  [1mUse of undeclared Var reagent-tutorial.core/empty-ground[0m

  [36m25[0m  [36m        (swap! colnum inc)[0m
  [36m26[0m  [36m        (cond [0m
  [36m27[0m  [36m          (and (= rownum (:y @position)) (= @colnum (:x @position))) [hero][0m
  [36m28[0m  [36m          (= 1 cell) [tree]  [0m
  [33m29[0m  [1m          :else [empty-ground])[0m
  [0m  [0m  [33m                 ^--- Use of undeclared Var reagent-tutorial.core/empty-ground[0m
  [36m30[0m  [36m    ))])[0m
  [36m31[0m  [36m[0m
  [36m32[0m  [36m(defn can-move?[0m
  [36m33[0m  [36m  [new-x new-y][0m
  [36m34[0m  [36m  (and (>= new-x 0)[0m

[36m----  Compiler Warning : Please see src/cljs/reagent_tutorial/core.cljs  ----[0m
[32mSuccessfully compiled build :app to "target/cljsbuild/public/js/app.js" in 2.709 seconds.[0m
notifying browser that file changed:  target/cljsbuild/public/js/out/goog/deps.js
notifying browser that file changed:  target/cljsbuild/public/js/out/cljs_deps.js
notifying browser that file changed:  target/cljsbuild/public/js/out/reagent_tutorial/core.js
Compiling build :app to "target/cljsbuild/public/js/app.js" from ["src/cljs" "src/cljc" "env/dev/cljs"]...
[36m----  Compiler Warning on   src/cljs/reagent_tutorial/core.cljs   line:27  column:71  ----[0m

  [1mUse of undeclared Var reagent-tutorial.core/hero[0m

  [36m23[0m  [36m    (for [cell r][0m
  [36m24[0m  [36m      (do[0m
  [36m25[0m  [36m        (swap! colnum inc)[0m
  [36m26[0m  [36m        (cond [0m
  [33m27[0m  [1m          (and (= rownum (:y @position)) (= @colnum (:x @position))) [hero][0m
  [0m  [0m  [33m                                                                      ^--- Use of undeclared Var reagent-tutorial.core/hero[0m
  [36m28[0m  [36m          (= 1 cell) [tree]  [0m
  [36m29[0m  [36m          :else [empty-ground])[0m
  [36m30[0m  [36m    ))])[0m
  [36m31[0m  [36m[0m
  [36m32[0m  [36m(defn can-move?[0m

[36m----  Compiler Warning : Please see src/cljs/reagent_tutorial/core.cljs  ----[0m
[36m----  Compiler Warning on   src/cljs/reagent_tutorial/core.cljs   line:28  column:23  ----[0m

  [1mUse of undeclared Var reagent-tutorial.core/tree[0m

  [36m24[0m  [36m      (do[0m
  [36m25[0m  [36m        (swap! colnum inc)[0m
  [36m26[0m  [36m        (cond [0m
  [36m27[0m  [36m          (and (= rownum (:y @position)) (= @colnum (:x @position))) [hero][0m
  [33m28[0m  [1m          (= 1 cell) [tree]  [0m
  [0m  [0m  [33m                      ^--- Use of undeclared Var reagent-tutorial.core/tree[0m
  [36m29[0m  [36m          :else [empty-ground])[0m
  [36m30[0m  [36m    ))])[0m
  [36m31[0m  [36m[0m
  [36m32[0m  [36m(defn can-move?[0m
  [36m33[0m  [36m  [new-x new-y][0m

[36m----  Compiler Warning : Please see src/cljs/reagent_tutorial/core.cljs  ----[0m
[36m----  Compiler Warning on   src/cljs/reagent_tutorial/core.cljs   line:29  column:18  ----[0m

  [1mUse of undeclared Var reagent-tutorial.core/empty-ground[0m

  [36m25[0m  [36m        (swap! colnum inc)[0m
  [36m26[0m  [36m        (cond [0m
  [36m27[0m  [36m          (and (= rownum (:y @position)) (= @colnum (:x @position))) [hero][0m
  [36m28[0m  [36m          (= 1 cell) [tree]  [0m
  [33m29[0m  [1m          :else [empty-ground])[0m
  [0m  [0m  [33m                 ^--- Use of undeclared Var reagent-tutorial.core/empty-ground[0m
  [36m30[0m  [36m    ))])[0m
  [36m31[0m  [36m[0m
  [36m32[0m  [36m(defn can-move?[0m
  [36m33[0m  [36m  [new-x new-y][0m
  [36m34[0m  [36m  (and (>= new-x 0)[0m

[36m----  Compiler Warning : Please see src/cljs/reagent_tutorial/core.cljs  ----[0m
[36m----  Compiler Warning on   src/cljs/reagent_tutorial/core.cljs   line:27  column:71  ----[0m

  [1mUse of undeclared Var reagent-tutorial.core/hero[0m

  [36m23[0m  [36m    (for [cell r][0m
  [36m24[0m  [36m      (do[0m
  [36m25[0m  [36m        (swap! colnum inc)[0m
  [36m26[0m  [36m        (cond [0m
  [33m27[0m  [1m          (and (= rownum (:y @position)) (= @colnum (:x @position))) [hero][0m
  [0m  [0m  [33m                                                                      ^--- Use of undeclared Var reagent-tutorial.core/hero[0m
  [36m28[0m  [36m          (= 1 cell) [tree]  [0m
  [36m29[0m  [36m          :else [empty-ground])[0m
  [36m30[0m  [36m    ))])[0m
  [36m31[0m  [36m[0m
  [36m32[0m  [36m(defn can-move?[0m

[36m----  Compiler Warning : Please see src/cljs/reagent_tutorial/core.cljs  ----[0m
[36m----  Compiler Warning on   src/cljs/reagent_tutorial/core.cljs   line:28  column:23  ----[0m

  [1mUse of undeclared Var reagent-tutorial.core/tree[0m

  [36m24[0m  [36m      (do[0m
  [36m25[0m  [36m        (swap! colnum inc)[0m
  [36m26[0m  [36m        (cond [0m
  [36m27[0m  [36m          (and (= rownum (:y @position)) (= @colnum (:x @position))) [hero][0m
  [33m28[0m  [1m          (= 1 cell) [tree]  [0m
  [0m  [0m  [33m                      ^--- Use of undeclared Var reagent-tutorial.core/tree[0m
  [36m29[0m  [36m          :else [empty-ground])[0m
  [36m30[0m  [36m    ))])[0m
  [36m31[0m  [36m[0m
  [36m32[0m  [36m(defn can-move?[0m
  [36m33[0m  [36m  [new-x new-y][0m

[36m----  Compiler Warning : Please see src/cljs/reagent_tutorial/core.cljs  ----[0m
[36m----  Compiler Warning on   src/cljs/reagent_tutorial/core.cljs   line:29  column:18  ----[0m

  [1mUse of undeclared Var reagent-tutorial.core/empty-ground[0m

  [36m25[0m  [36m        (swap! colnum inc)[0m
  [36m26[0m  [36m        (cond [0m
  [36m27[0m  [36m          (and (= rownum (:y @position)) (= @colnum (:x @position))) [hero][0m
  [36m28[0m  [36m          (= 1 cell) [tree]  [0m
  [33m29[0m  [1m          :else [empty-ground])[0m
  [0m  [0m  [33m                 ^--- Use of undeclared Var reagent-tutorial.core/empty-ground[0m
  [36m30[0m  [36m    ))])[0m
  [36m31[0m  [36m[0m
  [36m32[0m  [36m(defn can-move?[0m
  [36m33[0m  [36m  [new-x new-y][0m
  [36m34[0m  [36m  (and (>= new-x 0)[0m

[36m----  Compiler Warning : Please see src/cljs/reagent_tutorial/core.cljs  ----[0m
[32mSuccessfully compiled build :app to "target/cljsbuild/public/js/app.js" in 4.043 seconds.[0m
notifying browser that file changed:  target/cljsbuild/public/js/out/goog/deps.js
notifying browser that file changed:  target/cljsbuild/public/js/out/cljs_deps.js
notifying browser that file changed:  target/cljsbuild/public/js/out/reagent_tutorial/core.js
Compiling build :app to "target/cljsbuild/public/js/app.js" from ["src/cljs" "src/cljc" "env/dev/cljs"]...
[36m----  Compiler Warning on   src/cljs/reagent_tutorial/core.cljs   line:28  column:71  ----[0m

  [1mUse of undeclared Var reagent-tutorial.core/hero[0m

  [36m24[0m  [36m    (for [cell r][0m
  [36m25[0m  [36m      (do[0m
  [36m26[0m  [36m        (swap! colnum inc)[0m
  [36m27[0m  [36m        (cond [0m
  [33m28[0m  [1m          (and (= rownum (:y @position)) (= @colnum (:x @position))) [hero][0m
  [0m  [0m  [33m                                                                      ^--- Use of undeclared Var reagent-tutorial.core/hero[0m
  [36m29[0m  [36m          (= 1 cell) [tree]  [0m
  [36m30[0m  [36m          :else [empty-ground])[0m
  [36m31[0m  [36m    ))])[0m
  [36m32[0m  [36m[0m
  [36m33[0m  [36m(defn can-move?[0m

[36m----  Compiler Warning : Please see src/cljs/reagent_tutorial/core.cljs  ----[0m
[36m----  Compiler Warning on   src/cljs/reagent_tutorial/core.cljs   line:29  column:23  ----[0m

  [1mUse of undeclared Var reagent-tutorial.core/tree[0m

  [36m25[0m  [36m      (do[0m
  [36m26[0m  [36m        (swap! colnum inc)[0m
  [36m27[0m  [36m        (cond [0m
  [36m28[0m  [36m          (and (= rownum (:y @position)) (= @colnum (:x @position))) [hero][0m
  [33m29[0m  [1m          (= 1 cell) [tree]  [0m
  [0m  [0m  [33m                      ^--- Use of undeclared Var reagent-tutorial.core/tree[0m
  [36m30[0m  [36m          :else [empty-ground])[0m
  [36m31[0m  [36m    ))])[0m
  [36m32[0m  [36m[0m
  [36m33[0m  [36m(defn can-move?[0m
  [36m34[0m  [36m  [new-x new-y][0m

[36m----  Compiler Warning : Please see src/cljs/reagent_tutorial/core.cljs  ----[0m
[36m----  Compiler Warning on   src/cljs/reagent_tutorial/core.cljs   line:30  column:18  ----[0m

  [1mUse of undeclared Var reagent-tutorial.core/empty-ground[0m

  [36m26[0m  [36m        (swap! colnum inc)[0m
  [36m27[0m  [36m        (cond [0m
  [36m28[0m  [36m          (and (= rownum (:y @position)) (= @colnum (:x @position))) [hero][0m
  [36m29[0m  [36m          (= 1 cell) [tree]  [0m
  [33m30[0m  [1m          :else [empty-ground])[0m
  [0m  [0m  [33m                 ^--- Use of undeclared Var reagent-tutorial.core/empty-ground[0m
  [36m31[0m  [36m    ))])[0m
  [36m32[0m  [36m[0m
  [36m33[0m  [36m(defn can-move?[0m
  [36m34[0m  [36m  [new-x new-y][0m
  [36m35[0m  [36m  (and (>= new-x 0)[0m

[36m----  Compiler Warning : Please see src/cljs/reagent_tutorial/core.cljs  ----[0m
[36m----  Compiler Warning on   src/cljs/reagent_tutorial/core.cljs   line:28  column:71  ----[0m

  [1mUse of undeclared Var reagent-tutorial.core/hero[0m

  [36m24[0m  [36m    (for [cell r][0m
  [36m25[0m  [36m      (do[0m
  [36m26[0m  [36m        (swap! colnum inc)[0m
  [36m27[0m  [36m        (cond [0m
  [33m28[0m  [1m          (and (= rownum (:y @position)) (= @colnum (:x @position))) [hero][0m
  [0m  [0m  [33m                                                                      ^--- Use of undeclared Var reagent-tutorial.core/hero[0m
  [36m29[0m  [36m          (= 1 cell) [tree]  [0m
  [36m30[0m  [36m          :else [empty-ground])[0m
  [36m31[0m  [36m    ))])[0m
  [36m32[0m  [36m[0m
  [36m33[0m  [36m(defn can-move?[0m

[36m----  Compiler Warning : Please see src/cljs/reagent_tutorial/core.cljs  ----[0m
[36m----  Compiler Warning on   src/cljs/reagent_tutorial/core.cljs   line:29  column:23  ----[0m

  [1mUse of undeclared Var reagent-tutorial.core/tree[0m

  [36m25[0m  [36m      (do[0m
  [36m26[0m  [36m        (swap! colnum inc)[0m
  [36m27[0m  [36m        (cond [0m
  [36m28[0m  [36m          (and (= rownum (:y @position)) (= @colnum (:x @position))) [hero][0m
  [33m29[0m  [1m          (= 1 cell) [tree]  [0m
  [0m  [0m  [33m                      ^--- Use of undeclared Var reagent-tutorial.core/tree[0m
  [36m30[0m  [36m          :else [empty-ground])[0m
  [36m31[0m  [36m    ))])[0m
  [36m32[0m  [36m[0m
  [36m33[0m  [36m(defn can-move?[0m
  [36m34[0m  [36m  [new-x new-y][0m

[36m----  Compiler Warning : Please see src/cljs/reagent_tutorial/core.cljs  ----[0m
[36m----  Compiler Warning on   src/cljs/reagent_tutorial/core.cljs   line:30  column:18  ----[0m

  [1mUse of undeclared Var reagent-tutorial.core/empty-ground[0m

  [36m26[0m  [36m        (swap! colnum inc)[0m
  [36m27[0m  [36m        (cond [0m
  [36m28[0m  [36m          (and (= rownum (:y @position)) (= @colnum (:x @position))) [hero][0m
  [36m29[0m  [36m          (= 1 cell) [tree]  [0m
  [33m30[0m  [1m          :else [empty-ground])[0m
  [0m  [0m  [33m                 ^--- Use of undeclared Var reagent-tutorial.core/empty-ground[0m
  [36m31[0m  [36m    ))])[0m
  [36m32[0m  [36m[0m
  [36m33[0m  [36m(defn can-move?[0m
  [36m34[0m  [36m  [new-x new-y][0m
  [36m35[0m  [36m  (and (>= new-x 0)[0m

[36m----  Compiler Warning : Please see src/cljs/reagent_tutorial/core.cljs  ----[0m
[32mSuccessfully compiled build :app to "target/cljsbuild/public/js/app.js" in 1.549 seconds.[0m
notifying browser that file changed:  target/cljsbuild/public/js/out/cljs_deps.js
notifying browser that file changed:  target/cljsbuild/public/js/out/reagent_tutorial/core.js
Compiling build :app to "target/cljsbuild/public/js/app.js" from ["src/cljs" "src/cljc" "env/dev/cljs"]...
[36m----  Compiler Warning on   src/cljs/reagent_tutorial/core.cljs   line:28  column:71  ----[0m

  [1mNo such namespace: tile, could not locate tile.cljs, tile.cljc, or JavaScript source providing "tile"[0m

  [36m24[0m  [36m    (for [cell r][0m
  [36m25[0m  [36m      (do[0m
  [36m26[0m  [36m        (swap! colnum inc)[0m
  [36m27[0m  [36m        (cond [0m
  [33m28[0m  [1m          (and (= rownum (:y @position)) (= @colnum (:x @position))) [tile/hero][0m
  [0m  [0m  [33m                                                                      ^--- No such namespace: tile, could not locate tile.cljs, tile.cljc, or JavaScript source providing "tile"[0m
  [36m29[0m  [36m          (= 1 cell) [tiles/tree][0m
  [36m30[0m  [36m          :else [tiles/empty-ground])[0m
  [36m31[0m  [36m    ))])[0m
  [36m32[0m  [36m[0m
  [36m33[0m  [36m(defn can-move?[0m

[36m----  Compiler Warning : Please see src/cljs/reagent_tutorial/core.cljs  ----[0m
[36m----  Compiler Warning on   src/cljs/reagent_tutorial/core.cljs   line:28  column:71  ----[0m

  [1mUse of undeclared Var tile/hero[0m

  [36m24[0m  [36m    (for [cell r][0m
  [36m25[0m  [36m      (do[0m
  [36m26[0m  [36m        (swap! colnum inc)[0m
  [36m27[0m  [36m        (cond [0m
  [33m28[0m  [1m          (and (= rownum (:y @position)) (= @colnum (:x @position))) [tile/hero][0m
  [0m  [0m  [33m                                                                      ^--- Use of undeclared Var tile/hero[0m
  [36m29[0m  [36m          (= 1 cell) [tiles/tree][0m
  [36m30[0m  [36m          :else [tiles/empty-ground])[0m
  [36m31[0m  [36m    ))])[0m
  [36m32[0m  [36m[0m
  [36m33[0m  [36m(defn can-move?[0m

[36m----  Compiler Warning : Please see src/cljs/reagent_tutorial/core.cljs  ----[0m
[36m----  Compiler Warning on   src/cljs/reagent_tutorial/core.cljs   line:28  column:71  ----[0m

  [1mNo such namespace: tile, could not locate tile.cljs, tile.cljc, or JavaScript source providing "tile"[0m

  [36m24[0m  [36m    (for [cell r][0m
  [36m25[0m  [36m      (do[0m
  [36m26[0m  [36m        (swap! colnum inc)[0m
  [36m27[0m  [36m        (cond [0m
  [33m28[0m  [1m          (and (= rownum (:y @position)) (= @colnum (:x @position))) [tile/hero][0m
  [0m  [0m  [33m                                                                      ^--- No such namespace: tile, could not locate tile.cljs, tile.cljc, or JavaScript source providing "tile"[0m
  [36m29[0m  [36m          (= 1 cell) [tiles/tree][0m
  [36m30[0m  [36m          :else [tiles/empty-ground])[0m
  [36m31[0m  [36m    ))])[0m
  [36m32[0m  [36m[0m
  [36m33[0m  [36m(defn can-move?[0m

[36m----  Compiler Warning : Please see src/cljs/reagent_tutorial/core.cljs  ----[0m
[36m----  Compiler Warning on   src/cljs/reagent_tutorial/core.cljs   line:28  column:71  ----[0m

  [1mUse of undeclared Var tile/hero[0m

  [36m24[0m  [36m    (for [cell r][0m
  [36m25[0m  [36m      (do[0m
  [36m26[0m  [36m        (swap! colnum inc)[0m
  [36m27[0m  [36m        (cond [0m
  [33m28[0m  [1m          (and (= rownum (:y @position)) (= @colnum (:x @position))) [tile/hero][0m
  [0m  [0m  [33m                                                                      ^--- Use of undeclared Var tile/hero[0m
  [36m29[0m  [36m          (= 1 cell) [tiles/tree][0m
  [36m30[0m  [36m          :else [tiles/empty-ground])[0m
  [36m31[0m  [36m    ))])[0m
  [36m32[0m  [36m[0m
  [36m33[0m  [36m(defn can-move?[0m

[36m----  Compiler Warning : Please see src/cljs/reagent_tutorial/core.cljs  ----[0m
[32mSuccessfully compiled build :app to "target/cljsbuild/public/js/app.js" in 2.228 seconds.[0m
notifying browser that file changed:  target/cljsbuild/public/js/out/reagent_tutorial/core.js
Compiling build :app to "target/cljsbuild/public/js/app.js" from ["src/cljs" "src/cljc" "env/dev/cljs"]...
[36m----  Compiler Warning on   src/cljs/reagent_tutorial/core.cljs   line:28  column:71  ----[0m

  [1mNo such namespace: tilse, could not locate tilse.cljs, tilse.cljc, or JavaScript source providing "tilse"[0m

  [36m24[0m  [36m    (for [cell r][0m
  [36m25[0m  [36m      (do[0m
  [36m26[0m  [36m        (swap! colnum inc)[0m
  [36m27[0m  [36m        (cond [0m
  [33m28[0m  [1m          (and (= rownum (:y @position)) (= @colnum (:x @position))) [tilse/hero][0m
  [0m  [0m  [33m                                                                      ^--- No such namespace: tilse, could not locate tilse.cljs, tilse.cljc, or JavaScript source providing "tilse"[0m
  [36m29[0m  [36m          (= 1 cell) [tiles/tree][0m
  [36m30[0m  [36m          :else [tiles/empty-ground])[0m
  [36m31[0m  [36m    ))])[0m
  [36m32[0m  [36m[0m
  [36m33[0m  [36m(defn can-move?[0m

[36m----  Compiler Warning : Please see src/cljs/reagent_tutorial/core.cljs  ----[0m
[36m----  Compiler Warning on   src/cljs/reagent_tutorial/core.cljs   line:28  column:71  ----[0m

  [1mUse of undeclared Var tilse/hero[0m

  [36m24[0m  [36m    (for [cell r][0m
  [36m25[0m  [36m      (do[0m
  [36m26[0m  [36m        (swap! colnum inc)[0m
  [36m27[0m  [36m        (cond [0m
  [33m28[0m  [1m          (and (= rownum (:y @position)) (= @colnum (:x @position))) [tilse/hero][0m
  [0m  [0m  [33m                                                                      ^--- Use of undeclared Var tilse/hero[0m
  [36m29[0m  [36m          (= 1 cell) [tiles/tree][0m
  [36m30[0m  [36m          :else [tiles/empty-ground])[0m
  [36m31[0m  [36m    ))])[0m
  [36m32[0m  [36m[0m
  [36m33[0m  [36m(defn can-move?[0m

[36m----  Compiler Warning : Please see src/cljs/reagent_tutorial/core.cljs  ----[0m
[36m----  Compiler Warning on   src/cljs/reagent_tutorial/core.cljs   line:28  column:71  ----[0m

  [1mNo such namespace: tilse, could not locate tilse.cljs, tilse.cljc, or JavaScript source providing "tilse"[0m

  [36m24[0m  [36m    (for [cell r][0m
  [36m25[0m  [36m      (do[0m
  [36m26[0m  [36m        (swap! colnum inc)[0m
  [36m27[0m  [36m        (cond [0m
  [33m28[0m  [1m          (and (= rownum (:y @position)) (= @colnum (:x @position))) [tilse/hero][0m
  [0m  [0m  [33m                                                                      ^--- No such namespace: tilse, could not locate tilse.cljs, tilse.cljc, or JavaScript source providing "tilse"[0m
  [36m29[0m  [36m          (= 1 cell) [tiles/tree][0m
  [36m30[0m  [36m          :else [tiles/empty-ground])[0m
  [36m31[0m  [36m    ))])[0m
  [36m32[0m  [36m[0m
  [36m33[0m  [36m(defn can-move?[0m

[36m----  Compiler Warning : Please see src/cljs/reagent_tutorial/core.cljs  ----[0m
[36m----  Compiler Warning on   src/cljs/reagent_tutorial/core.cljs   line:28  column:71  ----[0m

  [1mUse of undeclared Var tilse/hero[0m

  [36m24[0m  [36m    (for [cell r][0m
  [36m25[0m  [36m      (do[0m
  [36m26[0m  [36m        (swap! colnum inc)[0m
  [36m27[0m  [36m        (cond [0m
  [33m28[0m  [1m          (and (= rownum (:y @position)) (= @colnum (:x @position))) [tilse/hero][0m
  [0m  [0m  [33m                                                                      ^--- Use of undeclared Var tilse/hero[0m
  [36m29[0m  [36m          (= 1 cell) [tiles/tree][0m
  [36m30[0m  [36m          :else [tiles/empty-ground])[0m
  [36m31[0m  [36m    ))])[0m
  [36m32[0m  [36m[0m
  [36m33[0m  [36m(defn can-move?[0m

[36m----  Compiler Warning : Please see src/cljs/reagent_tutorial/core.cljs  ----[0m
[32mSuccessfully compiled build :app to "target/cljsbuild/public/js/app.js" in 1.663 seconds.[0m
notifying browser that file changed:  target/cljsbuild/public/js/out/reagent_tutorial/core.js
Compiling build :app to "target/cljsbuild/public/js/app.js" from ["src/cljs" "src/cljc" "env/dev/cljs"]...
[32mSuccessfully compiled build :app to "target/cljsbuild/public/js/app.js" in 1.164 seconds.[0m
notifying browser that file changed:  target/cljsbuild/public/js/out/reagent_tutorial/core.js
Compiling build :app to "target/cljsbuild/public/js/app.js" from ["src/cljs" "src/cljc" "env/dev/cljs"]...
[32mSuccessfully compiled build :app to "target/cljsbuild/public/js/app.js" in 0.947 seconds.[0m
notifying browser that file changed:  target/cljsbuild/public/js/out/reagent_tutorial/core.js
Compiling build :app to "target/cljsbuild/public/js/app.js" from ["src/cljs" "src/cljc" "env/dev/cljs"]...
[32mSuccessfully compiled build :app to "target/cljsbuild/public/js/app.js" in 1.818 seconds.[0m
notifying browser that file changed:  target/cljsbuild/public/js/out/reagent_tutorial/core.js
